<?xml version="1.0" encoding="UTF-8"?>
<testng-results ignored="0" total="1" passed="1" failed="0" skipped="0">
  <reporter-output>
  </reporter-output>
  <suite started-at="2023-11-28T14:55:25 IST" name="Suite" finished-at="2023-11-28T14:55:39 IST" duration-ms="14014">
    <groups>
    </groups>
    <test started-at="2023-11-28T14:55:25 IST" name="Test" finished-at="2023-11-28T14:55:39 IST" duration-ms="14014">
      <class name="testCases.TC_001_New_Registration">
        <test-method is-config="true" signature="setup(java.lang.String)[pri:0, instance:testCases.TC_001_New_Registration@35cabb2a]" started-at="2023-11-28T14:55:26 IST" name="setup" finished-at="2023-11-28T14:55:36 IST" duration-ms="9969" status="PASS">
          <params>
            <param index="0">
              <value>
                <![CDATA[chrome]]>
              </value>
            </param>
          </params>
          <reporter-output>
          </reporter-output>
        </test-method> <!-- setup -->
        <test-method signature="OC_account_Registration()[pri:0, instance:testCases.TC_001_New_Registration@35cabb2a]" started-at="2023-11-28T14:55:36 IST" name="OC_account_Registration" finished-at="2023-11-28T14:55:38 IST" duration-ms="2408" status="PASS">
          <reporter-output>
          </reporter-output>
        </test-method> <!-- OC_account_Registration -->
        <test-method is-config="true" signature="close()[pri:0, instance:testCases.TC_001_New_Registration@35cabb2a]" started-at="2023-11-28T14:55:39 IST" name="close" finished-at="2023-11-28T14:55:39 IST" duration-ms="705" status="PASS">
          <reporter-output>
          </reporter-output>
        </test-method> <!-- close -->
      </class> <!-- testCases.TC_001_New_Registration -->
    </test> <!-- Test -->
  </suite> <!-- Suite -->
</testng-results>
