<?xml version="1.0" encoding="UTF-8"?>
<testng-results ignored="0" total="1" passed="1" failed="0" skipped="0">
  <reporter-output>
  </reporter-output>
  <suite started-at="2023-11-23T12:52:39 IST" name="Suite" finished-at="2023-11-23T12:52:59 IST" duration-ms="19400">
    <groups>
    </groups>
    <test started-at="2023-11-23T12:52:39 IST" name="Test" finished-at="2023-11-23T12:52:59 IST" duration-ms="19400">
      <class name="testCases.TC_001_New_Registration">
        <test-method is-config="true" signature="setup(java.lang.String)[pri:0, instance:testCases.TC_001_New_Registration@6c284af]" started-at="2023-11-23T12:52:40 IST" name="setup" finished-at="2023-11-23T12:52:54 IST" duration-ms="14310" status="PASS">
          <params>
            <param index="0">
              <value>
                <![CDATA[chrome]]>
              </value>
            </param>
          </params>
          <reporter-output>
          </reporter-output>
        </test-method> <!-- setup -->
        <test-method signature="OC_account_Registration()[pri:0, instance:testCases.TC_001_New_Registration@6c284af]" started-at="2023-11-23T12:52:55 IST" name="OC_account_Registration" finished-at="2023-11-23T12:52:58 IST" duration-ms="3315" status="PASS">
          <reporter-output>
          </reporter-output>
        </test-method> <!-- OC_account_Registration -->
        <test-method is-config="true" signature="close()[pri:0, instance:testCases.TC_001_New_Registration@6c284af]" started-at="2023-11-23T12:52:58 IST" name="close" finished-at="2023-11-23T12:52:59 IST" duration-ms="619" status="PASS">
          <reporter-output>
          </reporter-output>
        </test-method> <!-- close -->
      </class> <!-- testCases.TC_001_New_Registration -->
    </test> <!-- Test -->
  </suite> <!-- Suite -->
</testng-results>
