<?xml version="1.0" encoding="UTF-8"?>
<testng-results ignored="0" total="2" passed="2" failed="0" skipped="0">
  <reporter-output>
  </reporter-output>
  <suite started-at="2023-12-04T15:48:55 IST" name="Suite" finished-at="2023-12-04T15:49:19 IST" duration-ms="24262">
    <groups>
    </groups>
    <test started-at="2023-12-04T15:48:55 IST" name="ChromeTest" finished-at="2023-12-04T15:49:15 IST" duration-ms="20102">
      <class name="testCases.TC_001_New_Registration">
        <test-method is-config="true" signature="setup(java.lang.String)[pri:0, instance:testCases.TC_001_New_Registration@7e057f43]" started-at="2023-12-04T15:48:55 IST" name="setup" finished-at="2023-12-04T15:49:05 IST" duration-ms="9589" status="PASS">
          <params>
            <param index="0">
              <value>
                <![CDATA[chrome]]>
              </value>
            </param>
          </params>
          <reporter-output>
          </reporter-output>
        </test-method> <!-- setup -->
        <test-method signature="OC_account_Registration()[pri:0, instance:testCases.TC_001_New_Registration@7e057f43]" started-at="2023-12-04T15:49:05 IST" name="OC_account_Registration" finished-at="2023-12-04T15:49:13 IST" duration-ms="8650" status="PASS">
          <reporter-output>
          </reporter-output>
        </test-method> <!-- OC_account_Registration -->
        <test-method is-config="true" signature="close()[pri:0, instance:testCases.TC_001_New_Registration@7e057f43]" started-at="2023-12-04T15:49:13 IST" name="close" finished-at="2023-12-04T15:49:15 IST" duration-ms="1723" status="PASS">
          <reporter-output>
          </reporter-output>
        </test-method> <!-- close -->
      </class> <!-- testCases.TC_001_New_Registration -->
    </test> <!-- ChromeTest -->
    <test started-at="2023-12-04T15:48:55 IST" name="EdgeTest" finished-at="2023-12-04T15:49:19 IST" duration-ms="24262">
      <class name="testCases.TC_001_New_Registration">
        <test-method is-config="true" signature="setup(java.lang.String)[pri:0, instance:testCases.TC_001_New_Registration@65987993]" started-at="2023-12-04T15:48:55 IST" name="setup" finished-at="2023-12-04T15:49:17 IST" duration-ms="21557" status="PASS">
          <params>
            <param index="0">
              <value>
                <![CDATA[edge]]>
              </value>
            </param>
          </params>
          <reporter-output>
          </reporter-output>
        </test-method> <!-- setup -->
        <test-method signature="OC_account_Registration()[pri:0, instance:testCases.TC_001_New_Registration@65987993]" started-at="2023-12-04T15:49:17 IST" name="OC_account_Registration" finished-at="2023-12-04T15:49:19 IST" duration-ms="2272" status="PASS">
          <reporter-output>
          </reporter-output>
        </test-method> <!-- OC_account_Registration -->
        <test-method is-config="true" signature="close()[pri:0, instance:testCases.TC_001_New_Registration@65987993]" started-at="2023-12-04T15:49:19 IST" name="close" finished-at="2023-12-04T15:49:19 IST" duration-ms="348" status="PASS">
          <reporter-output>
          </reporter-output>
        </test-method> <!-- close -->
      </class> <!-- testCases.TC_001_New_Registration -->
    </test> <!-- EdgeTest -->
  </suite> <!-- Suite -->
</testng-results>
